1574651481.019786 client started (38956): version 2.9a, socket /private/tmp/tmux-502/default, protocol 8
1574651481.019834 on Darwin 18.6.0 Darwin Kernel Version 18.6.0: Thu Apr 25 23:16:27 PDT 2019; root:xnu-4903.261.4~2/RELEASE_X86_64; libevent 2.1.10-stable (select)
1574651481.019872 socket is /private/tmp/tmux-502/default
1574651481.019890 trying connect
1574651481.019964 add peer 0x10c4fd000: 6 (0x0)
1574651481.020968 sending message 100 to peer 0x10c4fd000 (4 bytes)
1574651481.020993 sending message 101 to peer 0x10c4fd000 (16 bytes)
1574651481.021002 sending message 102 to peer 0x10c4fd000 (13 bytes)
1574651481.021009 sending message 108 to peer 0x10c4fd000 (29 bytes)
1574651481.021023 sending message 104 to peer 0x10c4fd000 (0 bytes)
1574651481.021030 sending message 107 to peer 0x10c4fd000 (4 bytes)
1574651481.021036 sending message 105 to peer 0x10c4fd000 (76 bytes)
1574651481.021042 sending message 105 to peer 0x10c4fd000 (14 bytes)
1574651481.021049 sending message 105 to peer 0x10c4fd000 (20 bytes)
1574651481.021055 sending message 105 to peer 0x10c4fd000 (22 bytes)
1574651481.021061 sending message 105 to peer 0x10c4fd000 (22 bytes)
1574651481.021067 sending message 105 to peer 0x10c4fd000 (61 bytes)
1574651481.021073 sending message 105 to peer 0x10c4fd000 (17 bytes)
1574651481.021079 sending message 105 to peer 0x10c4fd000 (19 bytes)
1574651481.021085 sending message 105 to peer 0x10c4fd000 (26 bytes)
1574651481.021091 sending message 105 to peer 0x10c4fd000 (8 bytes)
1574651481.021098 sending message 105 to peer 0x10c4fd000 (18 bytes)
1574651481.021104 sending message 105 to peer 0x10c4fd000 (32 bytes)
1574651481.021110 sending message 105 to peer 0x10c4fd000 (36 bytes)
1574651481.021116 sending message 105 to peer 0x10c4fd000 (11 bytes)
1574651481.021122 sending message 105 to peer 0x10c4fd000 (50 bytes)
1574651481.021128 sending message 105 to peer 0x10c4fd000 (33 bytes)
1574651481.021134 sending message 105 to peer 0x10c4fd000 (15 bytes)
1574651481.021140 sending message 105 to peer 0x10c4fd000 (8 bytes)
1574651481.021147 sending message 105 to peer 0x10c4fd000 (79 bytes)
1574651481.021153 sending message 105 to peer 0x10c4fd000 (66 bytes)
1574651481.021159 sending message 105 to peer 0x10c4fd000 (21 bytes)
1574651481.021165 sending message 105 to peer 0x10c4fd000 (23 bytes)
1574651481.021171 sending message 105 to peer 0x10c4fd000 (27 bytes)
1574651481.021177 sending message 105 to peer 0x10c4fd000 (60 bytes)
1574651481.021183 sending message 105 to peer 0x10c4fd000 (57 bytes)
1574651481.021189 sending message 105 to peer 0x10c4fd000 (43 bytes)
1574651481.021195 sending message 105 to peer 0x10c4fd000 (13 bytes)
1574651481.021203 sending message 105 to peer 0x10c4fd000 (57 bytes)
1574651481.021210 sending message 105 to peer 0x10c4fd000 (15 bytes)
1574651481.021216 sending message 105 to peer 0x10c4fd000 (14 bytes)
1574651481.021222 sending message 105 to peer 0x10c4fd000 (19 bytes)
1574651481.021228 sending message 105 to peer 0x10c4fd000 (32 bytes)
1574651481.021234 sending message 105 to peer 0x10c4fd000 (34 bytes)
1574651481.021240 sending message 105 to peer 0x10c4fd000 (22 bytes)
1574651481.021246 sending message 106 to peer 0x10c4fd000 (0 bytes)
1574651481.021256 sending message 200 to peer 0x10c4fd000 (4 bytes)
1574651481.021262 client loop enter
1574651481.021441 peer 0x10c4fd000 message 211
1574651481.021455 client_write: sessions should be nested with care, unset $TMUX to force\n
1574651481.021472 peer 0x10c4fd000 message 203
1574651481.021479 client loop exit
